# JRE version: Java(TM) SE Runtime Environment Oracle GraalVM 21.0.7+8.1 (21.0.7+8) (build 21.0.7+8-LTS-jvmci-23.1-b60)
# Java VM: Java HotSpot(TM) 64-Bit Server VM Oracle GraalVM 21.0.7+8.1 (21.0.7+8-LTS-jvmci-23.1-b60, mixed mode, emulated-client, sharing, tiered, jvmci, jvmci compiler, compressed oops, compressed class ptrs, g1 gc, windows-amd64)
GC Precious Log:
 CardTable entry size: 512
 Card Set container configuration: InlinePtr #cards 5 size 8 Array Of Cards #cards 12 size 40 Howl #buckets 4 coarsen threshold 1843 Howl Bitmap #cards 512 size 80 coarsen threshold 460 Card regions per heap region 1 cards per card region 2048
 CPUs: 8 total, 8 available
 Memory: 8029M
 Large Page Support: Disabled
 NUMA Support: Disabled
 Compressed Oops: Enabled (32-bit)
 Heap Region Size: 1M
 Heap Min Capacity: 8M
 Heap Initial Capacity: 126M
 Heap Max Capacity: 2008M
 Pre-touch: Disabled
 Parallel Workers: 8
 Concurrent Workers: 2
 Concurrent Refinement Workers: 8
 Periodic GC: Disabled
Heap:
 garbage-first heap   total 137216K, used 77389K [0x0000000082800000, 0x0000000100000000)
  region size 1024K, 35 young (35840K), 3 survivors (3072K)
 Metaspace       used 23505K, committed 24448K, reserved 1114112K
  class space    used 3188K, committed 3648K, reserved 1048576K
GC Heap History (16 events):
Event: 0.441 GC heap before
{Heap before GC invocations=0 (full 0):
 garbage-first heap   total 129024K, used 22528K [0x0000000082800000, 0x0000000100000000)
  region size 1024K, 23 young (23552K), 0 survivors (0K)
 Metaspace       used 3822K, committed 4032K, reserved 1114112K
  class space    used 434K, committed 512K, reserved 1048576K
}
Event: 0.448 GC heap after
{Heap after GC invocations=1 (full 0):
 garbage-first heap   total 129024K, used 11775K [0x0000000082800000, 0x0000000100000000)
  region size 1024K, 3 young (3072K), 3 survivors (3072K)
 Metaspace       used 3822K, committed 4032K, reserved 1114112K
  class space    used 434K, committed 512K, reserved 1048576K
}
Event: 0.574 GC heap before
{Heap before GC invocations=1 (full 0):
 garbage-first heap   total 129024K, used 33279K [0x0000000082800000, 0x0000000100000000)
  region size 1024K, 23 young (23552K), 3 survivors (3072K)
 Metaspace       used 4106K, committed 4352K, reserved 1114112K
  class space    used 485K, committed 640K, reserved 1048576K
}
Event: 0.582 GC heap after
{Heap after GC invocations=2 (full 0):
 garbage-first heap   total 129024K, used 26038K [0x0000000082800000, 0x0000000100000000)
  region size 1024K, 3 young (3072K), 3 survivors (3072K)
 Metaspace       used 4106K, committed 4352K, reserved 1114112K
  class space    used 485K, committed 640K, reserved 1048576K
}
Event: 0.663 GC heap before
{Heap before GC invocations=2 (full 0):
 garbage-first heap   total 129024K, used 52662K [0x0000000082800000, 0x0000000100000000)
  region size 1024K, 29 young (29696K), 3 survivors (3072K)
 Metaspace       used 4107K, committed 4352K, reserved 1114112K
  class space    used 485K, committed 640K, reserved 1048576K
}
Event: 0.668 GC heap after
{Heap after GC invocations=3 (full 0):
 garbage-first heap   total 129024K, used 30516K [0x0000000082800000, 0x0000000100000000)
  region size 1024K, 4 young (4096K), 4 survivors (4096K)
 Metaspace       used 4107K, committed 4352K, reserved 1114112K
  class space    used 485K, committed 640K, reserved 1048576K
}
Event: 0.926 GC heap before
{Heap before GC invocations=3 (full 0):
 garbage-first heap   total 129024K, used 80692K [0x0000000082800000, 0x0000000100000000)
  region size 1024K, 54 young (55296K), 4 survivors (4096K)
 Metaspace       used 6086K, committed 6400K, reserved 1114112K
  class space    used 748K, committed 960K, reserved 1048576K
}
Event: 0.933 GC heap after
{Heap after GC invocations=4 (full 0):
 garbage-first heap   total 129024K, used 37087K [0x0000000082800000, 0x0000000100000000)
  region size 1024K, 7 young (7168K), 7 survivors (7168K)
 Metaspace       used 6086K, committed 6400K, reserved 1114112K
  class space    used 748K, committed 960K, reserved 1048576K
}
Event: 1.037 GC heap before
{Heap before GC invocations=4 (full 0):
 garbage-first heap   total 129024K, used 54495K [0x0000000082800000, 0x0000000100000000)
  region size 1024K, 25 young (25600K), 7 survivors (7168K)
 Metaspace       used 7392K, committed 7680K, reserved 1114112K
  class space    used 947K, committed 1088K, reserved 1048576K
}
Event: 1.043 GC heap after
{Heap after GC invocations=5 (full 0):
 garbage-first heap   total 181248K, used 39904K [0x0000000082800000, 0x0000000100000000)
  region size 1024K, 2 young (2048K), 2 survivors (2048K)
 Metaspace       used 7392K, committed 7680K, reserved 1114112K
  class space    used 947K, committed 1088K, reserved 1048576K
}
Event: 1.578 GC heap before
{Heap before GC invocations=6 (full 0):
 garbage-first heap   total 137216K, used 119776K [0x0000000082800000, 0x0000000100000000)
  region size 1024K, 80 young (81920K), 2 survivors (2048K)
 Metaspace       used 16605K, committed 16960K, reserved 1114112K
  class space    used 2073K, committed 2240K, reserved 1048576K
}
Event: 1.583 GC heap after
{Heap after GC invocations=7 (full 0):
 garbage-first heap   total 137216K, used 44622K [0x0000000082800000, 0x0000000100000000)
  region size 1024K, 7 young (7168K), 7 survivors (7168K)
 Metaspace       used 16605K, committed 16960K, reserved 1114112K
  class space    used 2073K, committed 2240K, reserved 1048576K
}
Event: 1.708 GC heap before
{Heap before GC invocations=7 (full 0):
 garbage-first heap   total 137216K, used 80462K [0x0000000082800000, 0x0000000100000000)
  region size 1024K, 44 young (45056K), 7 survivors (7168K)
 Metaspace       used 20725K, committed 21504K, reserved 1114112K
  class space    used 2756K, committed 3136K, reserved 1048576K
}
Event: 1.714 GC heap after
{Heap after GC invocations=8 (full 0):
 garbage-first heap   total 137216K, used 46237K [0x0000000082800000, 0x0000000100000000)
  region size 1024K, 3 young (3072K), 3 survivors (3072K)
 Metaspace       used 20725K, committed 21504K, reserved 1114112K
  class space    used 2756K, committed 3136K, reserved 1048576K
}
Event: 1.732 GC heap before
{Heap before GC invocations=8 (full 0):
 garbage-first heap   total 137216K, used 54429K [0x0000000082800000, 0x0000000100000000)
  region size 1024K, 12 young (12288K), 3 survivors (3072K)
 Metaspace       used 21090K, committed 21824K, reserved 1114112K
  class space    used 2799K, committed 3136K, reserved 1048576K
}
Event: 1.734 GC heap after
{Heap after GC invocations=9 (full 0):
 garbage-first heap   total 137216K, used 46669K [0x0000000082800000, 0x0000000100000000)
  region size 1024K, 3 young (3072K), 3 survivors (3072K)
 Metaspace       used 21090K, committed 21824K, reserved 1114112K
  class space    used 2799K, committed 3136K, reserved 1048576K
}

